Determining if the pthread_create exist failed with the following output:
Change Dir: /home/yuugo/Programming/robotica-minor-5/turtleCode/build/CMakeFiles/CMakeTmp

Run Build Command:/usr/bin/make "cmTryCompileExec2200515810/fast"
/usr/bin/make -f CMakeFiles/cmTryCompileExec2200515810.dir/build.make CMakeFiles/cmTryCompileExec2200515810.dir/build
make[1]: Entering directory `/home/yuugo/Programming/robotica-minor-5/turtleCode/build/CMakeFiles/CMakeTmp'
/usr/bin/cmake -E cmake_progress_report /home/yuugo/Programming/robotica-minor-5/turtleCode/build/CMakeFiles/CMakeTmp/CMakeFiles 1
Building C object CMakeFiles/cmTryCompileExec2200515810.dir/CheckSymbolExists.c.o
/usr/bin/cc    -o CMakeFiles/cmTryCompileExec2200515810.dir/CheckSymbolExists.c.o   -c /home/yuugo/Programming/robotica-minor-5/turtleCode/build/CMakeFiles/CMakeTmp/CheckSymbolExists.c
Linking C executable cmTryCompileExec2200515810
/usr/bin/cmake -E cmake_link_script CMakeFiles/cmTryCompileExec2200515810.dir/link.txt --verbose=1
/usr/bin/cc       CMakeFiles/cmTryCompileExec2200515810.dir/CheckSymbolExists.c.o  -o cmTryCompileExec2200515810 -rdynamic 
CMakeFiles/cmTryCompileExec2200515810.dir/CheckSymbolExists.c.o: In function `main':
CheckSymbolExists.c:(.text+0x16): undefined reference to `pthread_create'
collect2: error: ld returned 1 exit status
make[1]: *** [cmTryCompileExec2200515810] Error 1
make[1]: Leaving directory `/home/yuugo/Programming/robotica-minor-5/turtleCode/build/CMakeFiles/CMakeTmp'
make: *** [cmTryCompileExec2200515810/fast] Error 2

File /home/yuugo/Programming/robotica-minor-5/turtleCode/build/CMakeFiles/CMakeTmp/CheckSymbolExists.c:
/* */
#include <pthread.h>

int main(int argc, char** argv)
{
  (void)argv;
#ifndef pthread_create
  return ((int*)(&pthread_create))[argc];
#else
  (void)argc;
  return 0;
#endif
}

Determining if the function pthread_create exists in the pthreads failed with the following output:
Change Dir: /home/yuugo/Programming/robotica-minor-5/turtleCode/build/CMakeFiles/CMakeTmp

Run Build Command:/usr/bin/make "cmTryCompileExec327677011/fast"
/usr/bin/make -f CMakeFiles/cmTryCompileExec327677011.dir/build.make CMakeFiles/cmTryCompileExec327677011.dir/build
make[1]: Entering directory `/home/yuugo/Programming/robotica-minor-5/turtleCode/build/CMakeFiles/CMakeTmp'
/usr/bin/cmake -E cmake_progress_report /home/yuugo/Programming/robotica-minor-5/turtleCode/build/CMakeFiles/CMakeTmp/CMakeFiles 1
Building C object CMakeFiles/cmTryCompileExec327677011.dir/CheckFunctionExists.c.o
/usr/bin/cc   -DCHECK_FUNCTION_EXISTS=pthread_create   -o CMakeFiles/cmTryCompileExec327677011.dir/CheckFunctionExists.c.o   -c /usr/share/cmake-2.8/Modules/CheckFunctionExists.c
Linking C executable cmTryCompileExec327677011
/usr/bin/cmake -E cmake_link_script CMakeFiles/cmTryCompileExec327677011.dir/link.txt --verbose=1
/usr/bin/cc   -DCHECK_FUNCTION_EXISTS=pthread_create    CMakeFiles/cmTryCompileExec327677011.dir/CheckFunctionExists.c.o  -o cmTryCompileExec327677011 -rdynamic -lpthreads 
/usr/bin/ld: cannot find -lpthreads
collect2: error: ld returned 1 exit status
make[1]: *** [cmTryCompileExec327677011] Error 1
make[1]: Leaving directory `/home/yuugo/Programming/robotica-minor-5/turtleCode/build/CMakeFiles/CMakeTmp'
make: *** [cmTryCompileExec327677011/fast] Error 2


